Start testing: Jan 28 16:00 GMT Standard Time
----------------------------------------------------------
1/1 Testing: ExampleTests
1/1 Test: ExampleTests
Command: "C:/Users/DiogoSilva/Desktop/ProjectC/GoogleTestExample/build/test/Debug/ExampleTests.exe"
Directory: C:/Users/DiogoSilva/Desktop/ProjectC/GoogleTestExample/build/test
"ExampleTests" start time: Jan 28 16:00 GMT Standard Time
Output:
----------------------------------------------------------
Running main() from C:\Users\DiogoSilva\Desktop\ProjectC\GoogleTestExample\googletest\googletest\src\gtest_main.cc
[==========] Running 1 test from 1 test suite.
[----------] Global test environment set-up.
[----------] 1 test from ExampleTests
[ RUN      ] ExampleTests.queue
Starting test 3
Pushing 1
Pushing 2
Pushing 3
Queue is Full 
Popping 1
Popping 2
Popping 3
Queue is empty 
Pushing 4
Popping 4
Queue is empty 
Pushing 5
Popping 5
C:\Users\DiogoSilva\Desktop\ProjectC\GoogleTestExample\test\ExampleTests.cpp(8): error: Expected equality of these values:
  1
  queue(i+5,3)
    Which is: 0
Starting test 3
Queue is empty 
Pushing 1
Pushing 2
Pushing 3
Queue is Full 
Popping 1
Pushing 4
Queue is Full 
Popping 2
Pushing 5
Queue is Full 
Popping 3
Popping 4
Popping 5
Queue is empty 
Pushing 6
Popping 6
C:\Users\DiogoSilva\Desktop\ProjectC\GoogleTestExample\test\ExampleTests.cpp(8): error: Expected equality of these values:
  1
  queue(i+5,3)
    Which is: 0
Starting test 3
Queue is empty 
Pushing 1
Popping 1
Queue is empty 
Pushing 2
Pushing 3
Pushing 4
Queue is Full 
Popping 2
Pushing 5
Queue is Full 
Popping 3
Popping 4
Popping 5
Queue is empty 
Pushing 6
Pushing 7
Popping 6
Popping 7
C:\Users\DiogoSilva\Desktop\ProjectC\GoogleTestExample\test\ExampleTests.cpp(8): error: Expected equality of these values:
  1
  queue(i+5,3)
    Which is: 0
Starting test 3
Queue is empty 
Pushing 1
Popping 1
Queue is empty 
Pushing 2
Pushing 3
Pushing 4
Queue is Full 
Popping 2
Popping 3
Popping 4
Queue is empty 
Pushing 5
Popping 5
Queue is empty 
Pushing 6
Popping 6
Queue is empty 
Pushing 7
Popping 7
Queue is empty 
Pushing 8
Popping 8
C:\Users\DiogoSilva\Desktop\ProjectC\GoogleTestExample\test\ExampleTests.cpp(8): error: Expected equality of these values:
  1
  queue(i+5,3)
    Which is: 0
Starting test 3
Queue is empty 
Pushing 1
Pushing 2
Pushing 3
Queue is Full 
Popping 1
Popping 2
Popping 3
Queue is empty 
Pushing 4
Pushing 5
Pushing 6
Queue is Full 
Popping 4
Pushing 7
Queue is Full 
Popping 5
Pushing 8
Queue is Full 
Popping 6
Popping 7
Popping 8
Queue is empty 
Pushing 9
Popping 9
C:\Users\DiogoSilva\Desktop\ProjectC\GoogleTestExample\test\ExampleTests.cpp(8): error: Expected equality of these values:
  1
  queue(i+5,3)
    Which is: 0
[  FAILED  ] ExampleTests.queue (3 ms)
[----------] 1 test from ExampleTests (3 ms total)

[----------] Global test environment tear-down
[==========] 1 test from 1 test suite ran. (3 ms total)
[  PASSED  ] 0 tests.
[  FAILED  ] 1 test, listed below:
[  FAILED  ] ExampleTests.queue

 1 FAILED TEST
<end of output>
Test time =   0.03 sec
----------------------------------------------------------
Test Failed.
"ExampleTests" end time: Jan 28 16:00 GMT Standard Time
"ExampleTests" time elapsed: 00:00:00
----------------------------------------------------------

End testing: Jan 28 16:00 GMT Standard Time
