<?xml version="1.0" encoding="UTF-8"?>
<Site BuildName="(empty)"
	BuildStamp="20210129-0948-Experimental"
	Name="(empty)"
	Generator="ctest-3.19.3"
	CompilerName=""
	CompilerVersion=""
	OSName="Windows"
	Hostname="DESKTOP-8NPNT6E"
	OSRelease=" Professional"
	OSVersion=" (Build 17134)"
	OSPlatform="AMD64"
	Is64Bits="1"
	VendorString="GenuineIntel"
	VendorID="Intel Corporation"
	FamilyID="6"
	ModelID="14"
	ProcessorCacheSize="-1"
	NumberOfLogicalCPU="6"
	NumberOfPhysicalCPU="6"
	TotalVirtualMemory="34770"
	TotalPhysicalMemory="16338"
	LogicalProcessorsPerPhysical="1"
	ProcessorClockFrequency="2808"
	>
	<Testing>
		<StartDateTime>Jan 29 23:35 GMT Standard Time</StartDateTime>
		<StartTestTime>1611963327</StartTestTime>
		<TestList>
			<Test>./test/ExampleTests</Test>
		</TestList>
		<Test Status="passed">
			<Name>ExampleTests</Name>
			<Path>./test</Path>
			<FullName>./test/ExampleTests</FullName>
			<FullCommandLine>C:\Users\DiogoSilva\Desktop\ProjectC\GoogleTestExample\build\test\Debug\ExampleTests.exe</FullCommandLine>
			<Results>
				<NamedMeasurement type="numeric/double" name="Execution Time">
					<Value>3.20332</Value>
				</NamedMeasurement>
				<NamedMeasurement type="numeric/double" name="Processors">
					<Value>1</Value>
				</NamedMeasurement>
				<NamedMeasurement type="text/string" name="Completion Status">
					<Value>Completed</Value>
				</NamedMeasurement>
				<NamedMeasurement type="text/string" name="Command Line">
					<Value>C:\Users\DiogoSilva\Desktop\ProjectC\GoogleTestExample\build\test\Debug\ExampleTests.exe</Value>
				</NamedMeasurement>
				<NamedMeasurement type="text/string" name="Environment">
					<Value>#CTEST_RESOURCE_GROUP_COUNT=</Value>
				</NamedMeasurement>
				<Measurement>
					<Value encoding="base64" compression="gzip">eJyNkE9Lw0AQxe/7KebYHBIIHgTBgzSlB0FLYk/ZULbrGNZuduL+qX58N00IraL0nYaZH/PeTBmMUaaFTiizSODNUgfLO751aB0vFLVUKX0UvEB38NTzjaV3lH7J10Stxhd0fvUlul4jb08dHzvnpbOSt0O1GywyKVl9P6uBcvLPYWBG/6l2QXnMWJ3OamCtaS/0OEdzVJZMhyay6NPQ/4DPd04hh7yO1VBun+Ck5mKS7TXJQ8yz+wgYMIKjnh//B2Fxk9/m0LnkugQzD5680Am77kqPwqav9Gkuf/jX78AKk/2yijdtHqpqVQzHj3jGvgEJEaio====</Value>
				</Measurement>
			</Results>
		</Test>
		<EndDateTime>Jan 29 23:35 GMT Standard Time</EndDateTime>
		<EndTestTime>1611963331</EndTestTime>
		<ElapsedMinutes>0</ElapsedMinutes>
	</Testing>
</Site>
